{"C:\\Users\\Bat\\Desktop\\murmure-project\\murmure\\Murmure-Front\\App.js": {"path":"C:\\Users\\Bat\\Desktop\\murmure-project\\murmure\\Murmure-Front\\App.js","statementMap":{"0":{"start":{"line":11,"column":0},"end":{"line":11,"column":36}},"1":{"start":{"line":14,"column":38},"end":{"line":14,"column":53}},"2":{"start":{"line":16,"column":2},"end":{"line":43,"column":9}},"3":{"start":{"line":17,"column":4},"end":{"line":17,"column":91}},"4":{"start":{"line":19,"column":6},"end":{"line":39,"column":7}},"5":{"start":{"line":20,"column":8},"end":{"line":20,"column":93}},"6":{"start":{"line":22,"column":8},"end":{"line":30,"column":11}},"7":{"start":{"line":31,"column":8},"end":{"line":31,"column":69}},"8":{"start":{"line":34,"column":8},"end":{"line":34,"column":24}},"9":{"start":{"line":37,"column":8},"end":{"line":37,"column":96}},"10":{"start":{"line":38,"column":8},"end":{"line":38,"column":28}},"11":{"start":{"line":42,"column":4},"end":{"line":42,"column":14}},"12":{"start":{"line":46,"column":27},"end":{"line":51,"column":18}},"13":{"start":{"line":47,"column":4},"end":{"line":50,"column":5}},"14":{"start":{"line":48,"column":6},"end":{"line":48,"column":117}},"15":{"start":{"line":49,"column":6},"end":{"line":49,"column":37}},"16":{"start":{"line":53,"column":2},"end":{"line":55,"column":3}},"17":{"start":{"line":54,"column":4},"end":{"line":54,"column":16}},"18":{"start":{"line":57,"column":2},"end":{"line":65,"column":4}},"19":{"start":{"line":68,"column":15},"end":{"line":73,"column":2}}},"fnMap":{"0":{"name":"App","decl":{"start":{"line":13,"column":24},"end":{"line":13,"column":27}},"loc":{"start":{"line":13,"column":30},"end":{"line":66,"column":1}},"line":13},"1":{"name":"(anonymous_1)","decl":{"start":{"line":16,"column":12},"end":{"line":16,"column":13}},"loc":{"start":{"line":16,"column":18},"end":{"line":43,"column":3}},"line":16},"2":{"name":"prepare","decl":{"start":{"line":18,"column":19},"end":{"line":18,"column":26}},"loc":{"start":{"line":18,"column":29},"end":{"line":40,"column":5}},"line":18},"3":{"name":"(anonymous_3)","decl":{"start":{"line":46,"column":39},"end":{"line":46,"column":40}},"loc":{"start":{"line":46,"column":51},"end":{"line":51,"column":3}},"line":46}},"branchMap":{"0":{"loc":{"start":{"line":47,"column":4},"end":{"line":50,"column":5}},"type":"if","locations":[{"start":{"line":47,"column":4},"end":{"line":50,"column":5}},{"start":{},"end":{}}],"line":47},"1":{"loc":{"start":{"line":53,"column":2},"end":{"line":55,"column":3}},"type":"if","locations":[{"start":{"line":53,"column":2},"end":{"line":55,"column":3}},{"start":{},"end":{}}],"line":53}},"s":{"0":1,"1":12,"2":12,"3":6,"4":6,"5":6,"6":6,"7":5,"8":1,"9":6,"10":6,"11":6,"12":12,"13":0,"14":0,"15":0,"16":12,"17":6,"18":6,"19":1},"f":{"0":12,"1":6,"2":6,"3":0},"b":{"0":[0,0],"1":[6,6]},"_coverageSchema":"1a1c01bbd47fc00a2c39e90264f33305004495a9","hash":"e9f8a5da4bdf4908f5b8817cbb7f13f79c7c98cb"}
,"C:\\Users\\Bat\\Desktop\\murmure-project\\murmure\\Murmure-Front\\index.js": {"path":"C:\\Users\\Bat\\Desktop\\murmure-project\\murmure\\Murmure-Front\\index.js","statementMap":{"0":{"start":{"line":8,"column":0},"end":{"line":8,"column":27}}},"fnMap":{},"branchMap":{},"s":{"0":0},"f":{},"b":{}}
,"C:\\Users\\Bat\\Desktop\\murmure-project\\murmure\\Murmure-Front\\components\\Button.js": {"path":"C:\\Users\\Bat\\Desktop\\murmure-project\\murmure\\Murmure-Front\\components\\Button.js","statementMap":{"0":{"start":{"line":5,"column":2},"end":{"line":19,"column":4}},"1":{"start":{"line":22,"column":15},"end":{"line":37,"column":2}}},"fnMap":{"0":{"name":"Button","decl":{"start":{"line":4,"column":24},"end":{"line":4,"column":30}},"loc":{"start":{"line":4,"column":76},"end":{"line":20,"column":1}},"line":4}},"branchMap":{"0":{"loc":{"start":{"line":4,"column":49},"end":{"line":4,"column":65}},"type":"default-arg","locations":[{"start":{"line":4,"column":56},"end":{"line":4,"column":65}}],"line":4},"1":{"loc":{"start":{"line":8,"column":14},"end":{"line":8,"column":62}},"type":"cond-expr","locations":[{"start":{"line":8,"column":35},"end":{"line":8,"column":55}},{"start":{"line":8,"column":58},"end":{"line":8,"column":62}}],"line":8},"2":{"loc":{"start":{"line":11,"column":7},"end":{"line":17,"column":7}},"type":"cond-expr","locations":[{"start":{"line":12,"column":8},"end":{"line":12,"column":66}},{"start":{"line":13,"column":10},"end":{"line":17,"column":7}}],"line":11},"3":{"loc":{"start":{"line":13,"column":10},"end":{"line":17,"column":7}},"type":"cond-expr","locations":[{"start":{"line":14,"column":8},"end":{"line":14,"column":69}},{"start":{"line":16,"column":8},"end":{"line":16,"column":55}}],"line":13}},"s":{"0":0,"1":0},"f":{"0":0},"b":{"0":[0],"1":[0,0],"2":[0,0],"3":[0,0]}}
,"C:\\Users\\Bat\\Desktop\\murmure-project\\murmure\\Murmure-Front\\components\\DurationSelector.js": {"path":"C:\\Users\\Bat\\Desktop\\murmure-project\\murmure\\Murmure-Front\\components\\DurationSelector.js","statementMap":{"0":{"start":{"line":13,"column":24},"end":{"line":13,"column":34}},"1":{"start":{"line":16,"column":19},"end":{"line":16,"column":36}},"2":{"start":{"line":18,"column":25},"end":{"line":46,"column":3}},"3":{"start":{"line":19,"column":4},"end":{"line":27,"column":5}},"4":{"start":{"line":21,"column":6},"end":{"line":26,"column":8}},"5":{"start":{"line":29,"column":4},"end":{"line":36,"column":5}},"6":{"start":{"line":30,"column":6},"end":{"line":35,"column":8}},"7":{"start":{"line":38,"column":4},"end":{"line":45,"column":5}},"8":{"start":{"line":39,"column":6},"end":{"line":44,"column":8}},"9":{"start":{"line":48,"column":60},"end":{"line":48,"column":76}},"10":{"start":{"line":55,"column":23},"end":{"line":63,"column":3}},"11":{"start":{"line":56,"column":19},"end":{"line":56,"column":33}},"12":{"start":{"line":58,"column":4},"end":{"line":60,"column":5}},"13":{"start":{"line":59,"column":6},"end":{"line":59,"column":47}},"14":{"start":{"line":62,"column":4},"end":{"line":62,"column":23}},"15":{"start":{"line":65,"column":2},"end":{"line":91,"column":4}},"16":{"start":{"line":84,"column":12},"end":{"line":86,"column":19}},"17":{"start":{"line":94,"column":15},"end":{"line":112,"column":2}}},"fnMap":{"0":{"name":"DurationSelector","decl":{"start":{"line":7,"column":24},"end":{"line":7,"column":40}},"loc":{"start":{"line":11,"column":3},"end":{"line":92,"column":1}},"line":11},"1":{"name":"(anonymous_1)","decl":{"start":{"line":18,"column":25},"end":{"line":18,"column":26}},"loc":{"start":{"line":18,"column":31},"end":{"line":46,"column":3}},"line":18},"2":{"name":"(anonymous_2)","decl":{"start":{"line":55,"column":23},"end":{"line":55,"column":24}},"loc":{"start":{"line":55,"column":43},"end":{"line":63,"column":3}},"line":55},"3":{"name":"(anonymous_3)","decl":{"start":{"line":83,"column":29},"end":{"line":83,"column":30}},"loc":{"start":{"line":84,"column":12},"end":{"line":86,"column":19}},"line":84}},"branchMap":{"0":{"loc":{"start":{"line":8,"column":2},"end":{"line":8,"column":17}},"type":"default-arg","locations":[{"start":{"line":8,"column":9},"end":{"line":8,"column":17}}],"line":8},"1":{"loc":{"start":{"line":19,"column":4},"end":{"line":27,"column":5}},"type":"if","locations":[{"start":{"line":19,"column":4},"end":{"line":27,"column":5}},{"start":{},"end":{}}],"line":19},"2":{"loc":{"start":{"line":29,"column":4},"end":{"line":36,"column":5}},"type":"if","locations":[{"start":{"line":29,"column":4},"end":{"line":36,"column":5}},{"start":{},"end":{}}],"line":29},"3":{"loc":{"start":{"line":38,"column":4},"end":{"line":45,"column":5}},"type":"if","locations":[{"start":{"line":38,"column":4},"end":{"line":45,"column":5}},{"start":{},"end":{}}],"line":38},"4":{"loc":{"start":{"line":58,"column":4},"end":{"line":60,"column":5}},"type":"if","locations":[{"start":{"line":58,"column":4},"end":{"line":60,"column":5}},{"start":{},"end":{}}],"line":58},"5":{"loc":{"start":{"line":81,"column":7},"end":{"line":89,"column":7}},"type":"binary-expr","locations":[{"start":{"line":81,"column":7},"end":{"line":81,"column":15}},{"start":{"line":82,"column":8},"end":{"line":88,"column":15}}],"line":81}},"s":{"0":0,"1":0,"2":0,"3":0,"4":0,"5":0,"6":0,"7":0,"8":0,"9":0,"10":0,"11":0,"12":0,"13":0,"14":0,"15":0,"16":0,"17":0},"f":{"0":0,"1":0,"2":0,"3":0},"b":{"0":[0],"1":[0,0],"2":[0,0],"3":[0,0],"4":[0,0],"5":[0,0]}}
,"C:\\Users\\Bat\\Desktop\\murmure-project\\murmure\\Murmure-Front\\components\\InfoBulleHome.js": {"path":"C:\\Users\\Bat\\Desktop\\murmure-project\\murmure\\Murmure-Front\\components\\InfoBulleHome.js","statementMap":{"0":{"start":{"line":4,"column":19},"end":{"line":67,"column":1}},"1":{"start":{"line":5,"column":19},"end":{"line":5,"column":56}},"2":{"start":{"line":8,"column":2},"end":{"line":8,"column":93}},"3":{"start":{"line":10,"column":2},"end":{"line":44,"column":16}},"4":{"start":{"line":11,"column":4},"end":{"line":11,"column":78}},"5":{"start":{"line":13,"column":4},"end":{"line":43,"column":5}},"6":{"start":{"line":14,"column":6},"end":{"line":14,"column":85}},"7":{"start":{"line":17,"column":6},"end":{"line":21,"column":82}},"8":{"start":{"line":21,"column":21},"end":{"line":21,"column":80}},"9":{"start":{"line":24,"column":6},"end":{"line":24,"column":61}},"10":{"start":{"line":25,"column":20},"end":{"line":28,"column":15}},"11":{"start":{"line":26,"column":8},"end":{"line":26,"column":73}},"12":{"start":{"line":27,"column":8},"end":{"line":27,"column":18}},"13":{"start":{"line":31,"column":6},"end":{"line":34,"column":8}},"14":{"start":{"line":32,"column":8},"end":{"line":32,"column":65}},"15":{"start":{"line":33,"column":8},"end":{"line":33,"column":28}},"16":{"start":{"line":36,"column":6},"end":{"line":42,"column":85}},"17":{"start":{"line":42,"column":21},"end":{"line":42,"column":83}},"18":{"start":{"line":47,"column":2},"end":{"line":50,"column":3}},"19":{"start":{"line":48,"column":4},"end":{"line":48,"column":74}},"20":{"start":{"line":49,"column":4},"end":{"line":49,"column":16}},"21":{"start":{"line":52,"column":2},"end":{"line":66,"column":4}},"22":{"start":{"line":57,"column":12},"end":{"line":57,"column":93}},"23":{"start":{"line":58,"column":12},"end":{"line":58,"column":22}},"24":{"start":{"line":69,"column":15},"end":{"line":107,"column":2}}},"fnMap":{"0":{"name":"(anonymous_0)","decl":{"start":{"line":4,"column":19},"end":{"line":4,"column":20}},"loc":{"start":{"line":4,"column":54},"end":{"line":67,"column":1}},"line":4},"1":{"name":"(anonymous_1)","decl":{"start":{"line":10,"column":12},"end":{"line":10,"column":13}},"loc":{"start":{"line":10,"column":18},"end":{"line":44,"column":3}},"line":10},"2":{"name":"(anonymous_2)","decl":{"start":{"line":21,"column":15},"end":{"line":21,"column":16}},"loc":{"start":{"line":21,"column":21},"end":{"line":21,"column":80}},"line":21},"3":{"name":"(anonymous_3)","decl":{"start":{"line":25,"column":31},"end":{"line":25,"column":32}},"loc":{"start":{"line":25,"column":37},"end":{"line":28,"column":7}},"line":25},"4":{"name":"(anonymous_4)","decl":{"start":{"line":31,"column":13},"end":{"line":31,"column":14}},"loc":{"start":{"line":31,"column":19},"end":{"line":34,"column":7}},"line":31},"5":{"name":"(anonymous_5)","decl":{"start":{"line":42,"column":15},"end":{"line":42,"column":16}},"loc":{"start":{"line":42,"column":21},"end":{"line":42,"column":83}},"line":42},"6":{"name":"(anonymous_6)","decl":{"start":{"line":56,"column":17},"end":{"line":56,"column":18}},"loc":{"start":{"line":56,"column":23},"end":{"line":59,"column":9}},"line":56}},"branchMap":{"0":{"loc":{"start":{"line":13,"column":4},"end":{"line":43,"column":5}},"type":"if","locations":[{"start":{"line":13,"column":4},"end":{"line":43,"column":5}},{"start":{"line":35,"column":11},"end":{"line":43,"column":5}}],"line":13},"1":{"loc":{"start":{"line":47,"column":2},"end":{"line":50,"column":3}},"type":"if","locations":[{"start":{"line":47,"column":2},"end":{"line":50,"column":3}},{"start":{},"end":{}}],"line":47}},"s":{"0":0,"1":0,"2":0,"3":0,"4":0,"5":0,"6":0,"7":0,"8":0,"9":0,"10":0,"11":0,"12":0,"13":0,"14":0,"15":0,"16":0,"17":0,"18":0,"19":0,"20":0,"21":0,"22":0,"23":0,"24":0},"f":{"0":0,"1":0,"2":0,"3":0,"4":0,"5":0,"6":0},"b":{"0":[0,0],"1":[0,0]}}
,"C:\\Users\\Bat\\Desktop\\murmure-project\\murmure\\Murmure-Front\\components\\Label.js": {"path":"C:\\Users\\Bat\\Desktop\\murmure-project\\murmure\\Murmure-Front\\components\\Label.js","statementMap":{"0":{"start":{"line":4,"column":2},"end":{"line":8,"column":4}},"1":{"start":{"line":11,"column":15},"end":{"line":18,"column":2}}},"fnMap":{"0":{"name":"Label","decl":{"start":{"line":3,"column":24},"end":{"line":3,"column":29}},"loc":{"start":{"line":3,"column":60},"end":{"line":9,"column":1}},"line":3}},"branchMap":{},"s":{"0":0,"1":0},"f":{"0":0},"b":{}}
,"C:\\Users\\Bat\\Desktop\\murmure-project\\murmure\\Murmure-Front\\navigation\\AppNavigator.js": {"path":"C:\\Users\\Bat\\Desktop\\murmure-project\\murmure\\Murmure-Front\\navigation\\AppNavigator.js","statementMap":{"0":{"start":{"line":34,"column":14},"end":{"line":34,"column":42}},"1":{"start":{"line":41,"column":2},"end":{"line":87,"column":4}}},"fnMap":{"0":{"name":"AppNavigator","decl":{"start":{"line":40,"column":24},"end":{"line":40,"column":36}},"loc":{"start":{"line":40,"column":39},"end":{"line":88,"column":1}},"line":40}},"branchMap":{},"s":{"0":0,"1":0},"f":{"0":0},"b":{}}
,"C:\\Users\\Bat\\Desktop\\murmure-project\\murmure\\Murmure-Front\\screens\\chat\\ChatScreen.js": {"path":"C:\\Users\\Bat\\Desktop\\murmure-project\\murmure\\Murmure-Front\\screens\\chat\\ChatScreen.js","statementMap":{"0":{"start":{"line":7,"column":2},"end":{"line":15,"column":4}},"1":{"start":{"line":13,"column":29},"end":{"line":13,"column":48}},"2":{"start":{"line":18,"column":15},"end":{"line":35,"column":2}}},"fnMap":{"0":{"name":"ChatScreen","decl":{"start":{"line":6,"column":24},"end":{"line":6,"column":34}},"loc":{"start":{"line":6,"column":51},"end":{"line":16,"column":1}},"line":6},"1":{"name":"(anonymous_1)","decl":{"start":{"line":13,"column":23},"end":{"line":13,"column":24}},"loc":{"start":{"line":13,"column":29},"end":{"line":13,"column":48}},"line":13}},"branchMap":{},"s":{"0":0,"1":0,"2":0},"f":{"0":0,"1":0},"b":{}}
,"C:\\Users\\Bat\\Desktop\\murmure-project\\murmure\\Murmure-Front\\screens\\compte\\compteScreen.js": {"path":"C:\\Users\\Bat\\Desktop\\murmure-project\\murmure\\Murmure-Front\\screens\\compte\\compteScreen.js","statementMap":{"0":{"start":{"line":6,"column":2},"end":{"line":13,"column":4}},"1":{"start":{"line":10,"column":29},"end":{"line":10,"column":48}},"2":{"start":{"line":16,"column":15},"end":{"line":34,"column":2}}},"fnMap":{"0":{"name":"CompteScreen","decl":{"start":{"line":5,"column":24},"end":{"line":5,"column":36}},"loc":{"start":{"line":5,"column":53},"end":{"line":14,"column":1}},"line":5},"1":{"name":"(anonymous_1)","decl":{"start":{"line":10,"column":23},"end":{"line":10,"column":24}},"loc":{"start":{"line":10,"column":29},"end":{"line":10,"column":48}},"line":10}},"branchMap":{},"s":{"0":0,"1":0,"2":0},"f":{"0":0,"1":0},"b":{}}
,"C:\\Users\\Bat\\Desktop\\murmure-project\\murmure\\Murmure-Front\\screens\\home\\HomeScreen.js": {"path":"C:\\Users\\Bat\\Desktop\\murmure-project\\murmure\\Murmure-Front\\screens\\home\\HomeScreen.js","statementMap":{"0":{"start":{"line":22,"column":26},"end":{"line":22,"column":50}},"1":{"start":{"line":29,"column":22},"end":{"line":86,"column":1}},"2":{"start":{"line":31,"column":26},"end":{"line":31,"column":63}},"3":{"start":{"line":33,"column":8},"end":{"line":42,"column":24}},"4":{"start":{"line":35,"column":10},"end":{"line":41,"column":20}},"5":{"start":{"line":45,"column":26},"end":{"line":48,"column":10}},"6":{"start":{"line":51,"column":28},"end":{"line":54,"column":10}},"7":{"start":{"line":59,"column":28},"end":{"line":59,"column":46}},"8":{"start":{"line":62,"column":2},"end":{"line":85,"column":4}},"9":{"start":{"line":94,"column":40},"end":{"line":94,"column":81}},"10":{"start":{"line":97,"column":4},"end":{"line":97,"column":126}},"11":{"start":{"line":100,"column":4},"end":{"line":103,"column":11}},"12":{"start":{"line":101,"column":6},"end":{"line":101,"column":100}},"13":{"start":{"line":102,"column":6},"end":{"line":102,"column":24}},"14":{"start":{"line":105,"column":28},"end":{"line":131,"column":5}},"15":{"start":{"line":106,"column":6},"end":{"line":130,"column":7}},"16":{"start":{"line":108,"column":27},"end":{"line":108,"column":67}},"17":{"start":{"line":109,"column":10},"end":{"line":109,"column":101}},"18":{"start":{"line":111,"column":22},"end":{"line":111,"column":59}},"19":{"start":{"line":112,"column":25},"end":{"line":112,"column":34}},"20":{"start":{"line":114,"column":10},"end":{"line":114,"column":108}},"21":{"start":{"line":116,"column":8},"end":{"line":116,"column":70}},"22":{"start":{"line":119,"column":8},"end":{"line":126,"column":9}},"23":{"start":{"line":120,"column":12},"end":{"line":120,"column":122}},"24":{"start":{"line":121,"column":10},"end":{"line":121,"column":205}},"25":{"start":{"line":123,"column":15},"end":{"line":126,"column":9}},"26":{"start":{"line":124,"column":12},"end":{"line":124,"column":128}},"27":{"start":{"line":125,"column":10},"end":{"line":125,"column":199}},"28":{"start":{"line":129,"column":10},"end":{"line":129,"column":106}},"29":{"start":{"line":133,"column":28},"end":{"line":136,"column":5}},"30":{"start":{"line":134,"column":8},"end":{"line":134,"column":95}},"31":{"start":{"line":135,"column":6},"end":{"line":135,"column":53}},"32":{"start":{"line":139,"column":28},"end":{"line":147,"column":5}},"33":{"start":{"line":140,"column":6},"end":{"line":146,"column":7}},"34":{"start":{"line":141,"column":8},"end":{"line":141,"column":52}},"35":{"start":{"line":142,"column":10},"end":{"line":142,"column":109}},"36":{"start":{"line":143,"column":10},"end":{"line":143,"column":110}},"37":{"start":{"line":145,"column":10},"end":{"line":145,"column":98}},"38":{"start":{"line":151,"column":4},"end":{"line":243,"column":4}},"39":{"start":{"line":174,"column":26},"end":{"line":174,"column":74}},"40":{"start":{"line":175,"column":26},"end":{"line":175,"column":56}},"41":{"start":{"line":197,"column":59},"end":{"line":197,"column":92}},"42":{"start":{"line":211,"column":26},"end":{"line":211,"column":80}},"43":{"start":{"line":212,"column":26},"end":{"line":212,"column":60}},"44":{"start":{"line":223,"column":24},"end":{"line":223,"column":77}},"45":{"start":{"line":224,"column":24},"end":{"line":224,"column":54}},"46":{"start":{"line":233,"column":24},"end":{"line":233,"column":74}},"47":{"start":{"line":234,"column":24},"end":{"line":234,"column":50}},"48":{"start":{"line":246,"column":15},"end":{"line":383,"column":2}}},"fnMap":{"0":{"name":"(anonymous_0)","decl":{"start":{"line":29,"column":22},"end":{"line":29,"column":23}},"loc":{"start":{"line":29,"column":53},"end":{"line":86,"column":1}},"line":29},"1":{"name":"(anonymous_1)","decl":{"start":{"line":33,"column":18},"end":{"line":33,"column":19}},"loc":{"start":{"line":33,"column":24},"end":{"line":42,"column":9}},"line":33},"2":{"name":"HomeScreen","decl":{"start":{"line":91,"column":24},"end":{"line":91,"column":34}},"loc":{"start":{"line":91,"column":51},"end":{"line":244,"column":1}},"line":91},"3":{"name":"(anonymous_3)","decl":{"start":{"line":100,"column":14},"end":{"line":100,"column":15}},"loc":{"start":{"line":100,"column":20},"end":{"line":103,"column":5}},"line":100},"4":{"name":"(anonymous_4)","decl":{"start":{"line":105,"column":28},"end":{"line":105,"column":29}},"loc":{"start":{"line":105,"column":40},"end":{"line":131,"column":5}},"line":105},"5":{"name":"(anonymous_5)","decl":{"start":{"line":133,"column":28},"end":{"line":133,"column":29}},"loc":{"start":{"line":133,"column":34},"end":{"line":136,"column":5}},"line":133},"6":{"name":"(anonymous_6)","decl":{"start":{"line":139,"column":28},"end":{"line":139,"column":29}},"loc":{"start":{"line":139,"column":40},"end":{"line":147,"column":5}},"line":139},"7":{"name":"(anonymous_7)","decl":{"start":{"line":173,"column":33},"end":{"line":173,"column":34}},"loc":{"start":{"line":173,"column":39},"end":{"line":176,"column":25}},"line":173},"8":{"name":"(anonymous_8)","decl":{"start":{"line":197,"column":52},"end":{"line":197,"column":53}},"loc":{"start":{"line":197,"column":58},"end":{"line":197,"column":93}},"line":197},"9":{"name":"(anonymous_9)","decl":{"start":{"line":210,"column":33},"end":{"line":210,"column":34}},"loc":{"start":{"line":210,"column":39},"end":{"line":213,"column":25}},"line":210},"10":{"name":"(anonymous_10)","decl":{"start":{"line":222,"column":31},"end":{"line":222,"column":32}},"loc":{"start":{"line":222,"column":37},"end":{"line":224,"column":55}},"line":222},"11":{"name":"(anonymous_11)","decl":{"start":{"line":232,"column":31},"end":{"line":232,"column":32}},"loc":{"start":{"line":232,"column":37},"end":{"line":234,"column":51}},"line":232}},"branchMap":{"0":{"loc":{"start":{"line":59,"column":28},"end":{"line":59,"column":46}},"type":"binary-expr","locations":[{"start":{"line":59,"column":28},"end":{"line":59,"column":33}},{"start":{"line":59,"column":37},"end":{"line":59,"column":46}}],"line":59},"1":{"loc":{"start":{"line":111,"column":22},"end":{"line":111,"column":59}},"type":"cond-expr","locations":[{"start":{"line":111,"column":35},"end":{"line":111,"column":55}},{"start":{"line":111,"column":58},"end":{"line":111,"column":59}}],"line":111},"2":{"loc":{"start":{"line":119,"column":8},"end":{"line":126,"column":9}},"type":"if","locations":[{"start":{"line":119,"column":8},"end":{"line":126,"column":9}},{"start":{"line":123,"column":15},"end":{"line":126,"column":9}}],"line":119},"3":{"loc":{"start":{"line":123,"column":15},"end":{"line":126,"column":9}},"type":"if","locations":[{"start":{"line":123,"column":15},"end":{"line":126,"column":9}},{"start":{},"end":{}}],"line":123}},"s":{"0":0,"1":0,"2":0,"3":0,"4":0,"5":0,"6":0,"7":0,"8":0,"9":0,"10":0,"11":0,"12":0,"13":0,"14":0,"15":0,"16":0,"17":0,"18":0,"19":0,"20":0,"21":0,"22":0,"23":0,"24":0,"25":0,"26":0,"27":0,"28":0,"29":0,"30":0,"31":0,"32":0,"33":0,"34":0,"35":0,"36":0,"37":0,"38":0,"39":0,"40":0,"41":0,"42":0,"43":0,"44":0,"45":0,"46":0,"47":0,"48":0},"f":{"0":0,"1":0,"2":0,"3":0,"4":0,"5":0,"6":0,"7":0,"8":0,"9":0,"10":0,"11":0},"b":{"0":[0,0],"1":[0,0],"2":[0,0],"3":[0,0]}}
,"C:\\Users\\Bat\\Desktop\\murmure-project\\murmure\\Murmure-Front\\screens\\home\\WelcomeScreen.js": {"path":"C:\\Users\\Bat\\Desktop\\murmure-project\\murmure\\Murmure-Front\\screens\\home\\WelcomeScreen.js","statementMap":{"0":{"start":{"line":6,"column":2},"end":{"line":16,"column":19}},"1":{"start":{"line":8,"column":4},"end":{"line":8,"column":86}},"2":{"start":{"line":10,"column":18},"end":{"line":13,"column":12}},"3":{"start":{"line":11,"column":6},"end":{"line":11,"column":84}},"4":{"start":{"line":12,"column":6},"end":{"line":12,"column":33}},"5":{"start":{"line":15,"column":4},"end":{"line":15,"column":37}},"6":{"start":{"line":15,"column":17},"end":{"line":15,"column":36}},"7":{"start":{"line":18,"column":2},"end":{"line":28,"column":3}},"8":{"start":{"line":31,"column":15},"end":{"line":52,"column":2}}},"fnMap":{"0":{"name":"WelcomeScreen","decl":{"start":{"line":4,"column":24},"end":{"line":4,"column":37}},"loc":{"start":{"line":4,"column":54},"end":{"line":29,"column":1}},"line":4},"1":{"name":"(anonymous_1)","decl":{"start":{"line":6,"column":12},"end":{"line":6,"column":13}},"loc":{"start":{"line":6,"column":18},"end":{"line":16,"column":3}},"line":6},"2":{"name":"(anonymous_2)","decl":{"start":{"line":10,"column":29},"end":{"line":10,"column":30}},"loc":{"start":{"line":10,"column":35},"end":{"line":13,"column":5}},"line":10},"3":{"name":"(anonymous_3)","decl":{"start":{"line":15,"column":11},"end":{"line":15,"column":12}},"loc":{"start":{"line":15,"column":17},"end":{"line":15,"column":36}},"line":15}},"branchMap":{},"s":{"0":11,"1":11,"2":11,"3":4,"4":4,"5":11,"6":11,"7":11,"8":1},"f":{"0":11,"1":11,"2":4,"3":11},"b":{},"_coverageSchema":"1a1c01bbd47fc00a2c39e90264f33305004495a9","hash":"d0664ace942554ae94901de12d6d211f4dd292be"}
,"C:\\Users\\Bat\\Desktop\\murmure-project\\murmure\\Murmure-Front\\screens\\lessons\\FlashcardScreen.js": {"path":"C:\\Users\\Bat\\Desktop\\murmure-project\\murmure\\Murmure-Front\\screens\\lessons\\FlashcardScreen.js","statementMap":{"0":{"start":{"line":8,"column":2},"end":{"line":20,"column":4}},"1":{"start":{"line":14,"column":28},"end":{"line":14,"column":55}},"2":{"start":{"line":17,"column":29},"end":{"line":17,"column":48}},"3":{"start":{"line":23,"column":15},"end":{"line":40,"column":2}}},"fnMap":{"0":{"name":"FlashcardScreen","decl":{"start":{"line":7,"column":24},"end":{"line":7,"column":39}},"loc":{"start":{"line":7,"column":56},"end":{"line":21,"column":1}},"line":7},"1":{"name":"(anonymous_1)","decl":{"start":{"line":14,"column":22},"end":{"line":14,"column":23}},"loc":{"start":{"line":14,"column":28},"end":{"line":14,"column":55}},"line":14},"2":{"name":"(anonymous_2)","decl":{"start":{"line":17,"column":23},"end":{"line":17,"column":24}},"loc":{"start":{"line":17,"column":29},"end":{"line":17,"column":48}},"line":17}},"branchMap":{},"s":{"0":0,"1":0,"2":0,"3":0},"f":{"0":0,"1":0,"2":0},"b":{}}
,"C:\\Users\\Bat\\Desktop\\murmure-project\\murmure\\Murmure-Front\\screens\\lessons\\LessonScreen.js": {"path":"C:\\Users\\Bat\\Desktop\\murmure-project\\murmure\\Murmure-Front\\screens\\lessons\\LessonScreen.js","statementMap":{"0":{"start":{"line":7,"column":21},"end":{"line":7,"column":56}},"1":{"start":{"line":9,"column":2},"end":{"line":9,"column":478}},"2":{"start":{"line":13,"column":2},"end":{"line":22,"column":4}},"3":{"start":{"line":19,"column":29},"end":{"line":19,"column":48}},"4":{"start":{"line":20,"column":29},"end":{"line":20,"column":57}},"5":{"start":{"line":25,"column":15},"end":{"line":42,"column":2}}},"fnMap":{"0":{"name":"LessonScreen","decl":{"start":{"line":12,"column":24},"end":{"line":12,"column":36}},"loc":{"start":{"line":12,"column":53},"end":{"line":23,"column":1}},"line":12},"1":{"name":"(anonymous_1)","decl":{"start":{"line":19,"column":23},"end":{"line":19,"column":24}},"loc":{"start":{"line":19,"column":29},"end":{"line":19,"column":48}},"line":19},"2":{"name":"(anonymous_2)","decl":{"start":{"line":20,"column":23},"end":{"line":20,"column":24}},"loc":{"start":{"line":20,"column":29},"end":{"line":20,"column":57}},"line":20}},"branchMap":{},"s":{"0":0,"1":0,"2":0,"3":0,"4":0,"5":0},"f":{"0":0,"1":0,"2":0},"b":{}}
,"C:\\Users\\Bat\\Desktop\\murmure-project\\murmure\\Murmure-Front\\screens\\lessons\\QuizzScreen.js": {"path":"C:\\Users\\Bat\\Desktop\\murmure-project\\murmure\\Murmure-Front\\screens\\lessons\\QuizzScreen.js","statementMap":{"0":{"start":{"line":7,"column":22},"end":{"line":7,"column":52}},"1":{"start":{"line":8,"column":21},"end":{"line":12,"column":1}},"2":{"start":{"line":14,"column":2},"end":{"line":29,"column":4}},"3":{"start":{"line":19,"column":8},"end":{"line":23,"column":10}},"4":{"start":{"line":26,"column":29},"end":{"line":26,"column":48}},"5":{"start":{"line":27,"column":29},"end":{"line":27,"column":61}},"6":{"start":{"line":32,"column":15},"end":{"line":49,"column":2}}},"fnMap":{"0":{"name":"QuizzScreen","decl":{"start":{"line":13,"column":24},"end":{"line":13,"column":35}},"loc":{"start":{"line":13,"column":52},"end":{"line":30,"column":1}},"line":13},"1":{"name":"(anonymous_1)","decl":{"start":{"line":18,"column":24},"end":{"line":18,"column":25}},"loc":{"start":{"line":18,"column":34},"end":{"line":24,"column":7}},"line":18},"2":{"name":"(anonymous_2)","decl":{"start":{"line":26,"column":23},"end":{"line":26,"column":24}},"loc":{"start":{"line":26,"column":29},"end":{"line":26,"column":48}},"line":26},"3":{"name":"(anonymous_3)","decl":{"start":{"line":27,"column":23},"end":{"line":27,"column":24}},"loc":{"start":{"line":27,"column":29},"end":{"line":27,"column":61}},"line":27}},"branchMap":{},"s":{"0":0,"1":0,"2":0,"3":0,"4":0,"5":0,"6":0},"f":{"0":0,"1":0,"2":0,"3":0},"b":{}}
,"C:\\Users\\Bat\\Desktop\\murmure-project\\murmure\\Murmure-Front\\screens\\map\\MapScreen.js": {"path":"C:\\Users\\Bat\\Desktop\\murmure-project\\murmure\\Murmure-Front\\screens\\map\\MapScreen.js","statementMap":{"0":{"start":{"line":13,"column":2},"end":{"line":34,"column":4}},"1":{"start":{"line":28,"column":57},"end":{"line":28,"column":86}},"2":{"start":{"line":31,"column":56},"end":{"line":31,"column":75}},"3":{"start":{"line":37,"column":15},"end":{"line":96,"column":2}}},"fnMap":{"0":{"name":"MapScreen","decl":{"start":{"line":12,"column":24},"end":{"line":12,"column":33}},"loc":{"start":{"line":12,"column":50},"end":{"line":35,"column":1}},"line":12},"1":{"name":"(anonymous_1)","decl":{"start":{"line":28,"column":51},"end":{"line":28,"column":52}},"loc":{"start":{"line":28,"column":57},"end":{"line":28,"column":86}},"line":28},"2":{"name":"(anonymous_2)","decl":{"start":{"line":31,"column":50},"end":{"line":31,"column":51}},"loc":{"start":{"line":31,"column":56},"end":{"line":31,"column":75}},"line":31}},"branchMap":{},"s":{"0":0,"1":0,"2":0,"3":0},"f":{"0":0,"1":0,"2":0},"b":{}}
,"C:\\Users\\Bat\\Desktop\\murmure-project\\murmure\\Murmure-Front\\screens\\meditations\\MeditationHomeScreen.js": {"path":"C:\\Users\\Bat\\Desktop\\murmure-project\\murmure\\Murmure-Front\\screens\\meditations\\MeditationHomeScreen.js","statementMap":{"0":{"start":{"line":16,"column":26},"end":{"line":16,"column":45}},"1":{"start":{"line":17,"column":26},"end":{"line":17,"column":44}},"2":{"start":{"line":18,"column":34},"end":{"line":18,"column":45}},"3":{"start":{"line":19,"column":2},"end":{"line":19,"column":67}},"4":{"start":{"line":21,"column":26},"end":{"line":25,"column":3}},"5":{"start":{"line":28,"column":26},"end":{"line":34,"column":3}},"6":{"start":{"line":29,"column":4},"end":{"line":33,"column":7}},"7":{"start":{"line":36,"column":2},"end":{"line":125,"column":4}},"8":{"start":{"line":49,"column":38},"end":{"line":49,"column":71}},"9":{"start":{"line":63,"column":14},"end":{"line":72,"column":26}},"10":{"start":{"line":65,"column":31},"end":{"line":65,"column":50}},"11":{"start":{"line":83,"column":29},"end":{"line":83,"column":46}},"12":{"start":{"line":93,"column":29},"end":{"line":93,"column":44}},"13":{"start":{"line":103,"column":33},"end":{"line":103,"column":51}},"14":{"start":{"line":118,"column":27},"end":{"line":118,"column":46}},"15":{"start":{"line":128,"column":15},"end":{"line":253,"column":2}}},"fnMap":{"0":{"name":"MeditationHomeScreen","decl":{"start":{"line":14,"column":24},"end":{"line":14,"column":44}},"loc":{"start":{"line":14,"column":61},"end":{"line":126,"column":1}},"line":14},"1":{"name":"(anonymous_1)","decl":{"start":{"line":28,"column":26},"end":{"line":28,"column":27}},"loc":{"start":{"line":28,"column":32},"end":{"line":34,"column":3}},"line":28},"2":{"name":"(anonymous_2)","decl":{"start":{"line":49,"column":32},"end":{"line":49,"column":33}},"loc":{"start":{"line":49,"column":38},"end":{"line":49,"column":71}},"line":49},"3":{"name":"(anonymous_3)","decl":{"start":{"line":62,"column":33},"end":{"line":62,"column":34}},"loc":{"start":{"line":63,"column":14},"end":{"line":72,"column":26}},"line":63},"4":{"name":"(anonymous_4)","decl":{"start":{"line":65,"column":25},"end":{"line":65,"column":26}},"loc":{"start":{"line":65,"column":31},"end":{"line":65,"column":50}},"line":65},"5":{"name":"(anonymous_5)","decl":{"start":{"line":83,"column":23},"end":{"line":83,"column":24}},"loc":{"start":{"line":83,"column":29},"end":{"line":83,"column":46}},"line":83},"6":{"name":"(anonymous_6)","decl":{"start":{"line":93,"column":23},"end":{"line":93,"column":24}},"loc":{"start":{"line":93,"column":29},"end":{"line":93,"column":44}},"line":93},"7":{"name":"(anonymous_7)","decl":{"start":{"line":103,"column":22},"end":{"line":103,"column":23}},"loc":{"start":{"line":103,"column":33},"end":{"line":103,"column":51}},"line":103},"8":{"name":"(anonymous_8)","decl":{"start":{"line":118,"column":21},"end":{"line":118,"column":22}},"loc":{"start":{"line":118,"column":27},"end":{"line":118,"column":46}},"line":118}},"branchMap":{"0":{"loc":{"start":{"line":68,"column":18},"end":{"line":68,"column":64}},"type":"binary-expr","locations":[{"start":{"line":68,"column":18},"end":{"line":68,"column":37}},{"start":{"line":68,"column":41},"end":{"line":68,"column":64}}],"line":68},"1":{"loc":{"start":{"line":81,"column":16},"end":{"line":81,"column":57}},"type":"binary-expr","locations":[{"start":{"line":81,"column":16},"end":{"line":81,"column":33}},{"start":{"line":81,"column":37},"end":{"line":81,"column":57}}],"line":81},"2":{"loc":{"start":{"line":91,"column":16},"end":{"line":91,"column":55}},"type":"binary-expr","locations":[{"start":{"line":91,"column":16},"end":{"line":91,"column":31}},{"start":{"line":91,"column":35},"end":{"line":91,"column":55}}],"line":91}},"s":{"0":0,"1":0,"2":0,"3":0,"4":0,"5":0,"6":0,"7":0,"8":0,"9":0,"10":0,"11":0,"12":0,"13":0,"14":0,"15":0},"f":{"0":0,"1":0,"2":0,"3":0,"4":0,"5":0,"6":0,"7":0,"8":0},"b":{"0":[0,0],"1":[0,0],"2":[0,0]}}
,"C:\\Users\\Bat\\Desktop\\murmure-project\\murmure\\Murmure-Front\\screens\\meditations\\MeditationPlayerScreen.js": {"path":"C:\\Users\\Bat\\Desktop\\murmure-project\\murmure\\Murmure-Front\\screens\\meditations\\MeditationPlayerScreen.js","statementMap":{"0":{"start":{"line":21,"column":35},"end":{"line":21,"column":47}},"1":{"start":{"line":24,"column":34},"end":{"line":24,"column":46}},"2":{"start":{"line":25,"column":28},"end":{"line":25,"column":42}},"3":{"start":{"line":26,"column":36},"end":{"line":26,"column":51}},"4":{"start":{"line":27,"column":32},"end":{"line":27,"column":46}},"5":{"start":{"line":35,"column":2},"end":{"line":70,"column":9}},"6":{"start":{"line":36,"column":4},"end":{"line":69,"column":9}},"7":{"start":{"line":41,"column":21},"end":{"line":41,"column":31}},"8":{"start":{"line":45,"column":8},"end":{"line":45,"column":35}},"9":{"start":{"line":45,"column":28},"end":{"line":45,"column":35}},"10":{"start":{"line":48,"column":8},"end":{"line":48,"column":35}},"11":{"start":{"line":58,"column":36},"end":{"line":64,"column":9}},"12":{"start":{"line":62,"column":12},"end":{"line":62,"column":50}},"13":{"start":{"line":66,"column":8},"end":{"line":66,"column":27}},"14":{"start":{"line":67,"column":8},"end":{"line":67,"column":27}},"15":{"start":{"line":68,"column":8},"end":{"line":68,"column":26}},"16":{"start":{"line":73,"column":2},"end":{"line":81,"column":14}},"17":{"start":{"line":74,"column":4},"end":{"line":80,"column":6}},"18":{"start":{"line":75,"column":6},"end":{"line":79,"column":7}},"19":{"start":{"line":76,"column":8},"end":{"line":76,"column":26}},"20":{"start":{"line":77,"column":8},"end":{"line":77,"column":28}},"21":{"start":{"line":78,"column":8},"end":{"line":78,"column":36}},"22":{"start":{"line":84,"column":26},"end":{"line":94,"column":3}},"23":{"start":{"line":85,"column":4},"end":{"line":85,"column":23}},"24":{"start":{"line":85,"column":16},"end":{"line":85,"column":23}},"25":{"start":{"line":87,"column":4},"end":{"line":93,"column":5}},"26":{"start":{"line":88,"column":6},"end":{"line":88,"column":31}},"27":{"start":{"line":89,"column":6},"end":{"line":89,"column":26}},"28":{"start":{"line":91,"column":6},"end":{"line":91,"column":30}},"29":{"start":{"line":92,"column":6},"end":{"line":92,"column":25}},"30":{"start":{"line":97,"column":25},"end":{"line":105,"column":3}},"31":{"start":{"line":99,"column":4},"end":{"line":102,"column":5}},"32":{"start":{"line":100,"column":6},"end":{"line":100,"column":30}},"33":{"start":{"line":101,"column":6},"end":{"line":101,"column":32}},"34":{"start":{"line":104,"column":4},"end":{"line":104,"column":24}},"35":{"start":{"line":107,"column":2},"end":{"line":140,"column":4}},"36":{"start":{"line":143,"column":15},"end":{"line":179,"column":2}}},"fnMap":{"0":{"name":"MeditationPlayer","decl":{"start":{"line":19,"column":24},"end":{"line":19,"column":40}},"loc":{"start":{"line":19,"column":64},"end":{"line":141,"column":1}},"line":19},"1":{"name":"(anonymous_1)","decl":{"start":{"line":35,"column":12},"end":{"line":35,"column":13}},"loc":{"start":{"line":35,"column":18},"end":{"line":70,"column":3}},"line":35},"2":{"name":"(anonymous_2)","decl":{"start":{"line":41,"column":12},"end":{"line":41,"column":13}},"loc":{"start":{"line":41,"column":21},"end":{"line":41,"column":31}},"line":41},"3":{"name":"(anonymous_3)","decl":{"start":{"line":42,"column":12},"end":{"line":42,"column":13}},"loc":{"start":{"line":42,"column":28},"end":{"line":69,"column":7}},"line":42},"4":{"name":"(anonymous_4)","decl":{"start":{"line":61,"column":10},"end":{"line":61,"column":11}},"loc":{"start":{"line":61,"column":22},"end":{"line":63,"column":11}},"line":61},"5":{"name":"(anonymous_5)","decl":{"start":{"line":73,"column":12},"end":{"line":73,"column":13}},"loc":{"start":{"line":73,"column":18},"end":{"line":81,"column":3}},"line":73},"6":{"name":"(anonymous_6)","decl":{"start":{"line":74,"column":11},"end":{"line":74,"column":12}},"loc":{"start":{"line":74,"column":17},"end":{"line":80,"column":5}},"line":74},"7":{"name":"(anonymous_7)","decl":{"start":{"line":84,"column":26},"end":{"line":84,"column":27}},"loc":{"start":{"line":84,"column":38},"end":{"line":94,"column":3}},"line":84},"8":{"name":"(anonymous_8)","decl":{"start":{"line":97,"column":25},"end":{"line":97,"column":26}},"loc":{"start":{"line":97,"column":37},"end":{"line":105,"column":3}},"line":97}},"branchMap":{"0":{"loc":{"start":{"line":45,"column":8},"end":{"line":45,"column":35}},"type":"if","locations":[{"start":{"line":45,"column":8},"end":{"line":45,"column":35}},{"start":{},"end":{}}],"line":45},"1":{"loc":{"start":{"line":75,"column":6},"end":{"line":79,"column":7}},"type":"if","locations":[{"start":{"line":75,"column":6},"end":{"line":79,"column":7}},{"start":{},"end":{}}],"line":75},"2":{"loc":{"start":{"line":85,"column":4},"end":{"line":85,"column":23}},"type":"if","locations":[{"start":{"line":85,"column":4},"end":{"line":85,"column":23}},{"start":{},"end":{}}],"line":85},"3":{"loc":{"start":{"line":87,"column":4},"end":{"line":93,"column":5}},"type":"if","locations":[{"start":{"line":87,"column":4},"end":{"line":93,"column":5}},{"start":{"line":90,"column":11},"end":{"line":93,"column":5}}],"line":87},"4":{"loc":{"start":{"line":99,"column":4},"end":{"line":102,"column":5}},"type":"if","locations":[{"start":{"line":99,"column":4},"end":{"line":102,"column":5}},{"start":{},"end":{}}],"line":99},"5":{"loc":{"start":{"line":114,"column":7},"end":{"line":129,"column":7}},"type":"cond-expr","locations":[{"start":{"line":115,"column":8},"end":{"line":115,"column":55}},{"start":{"line":117,"column":8},"end":{"line":128,"column":15}}],"line":114},"6":{"loc":{"start":{"line":125,"column":15},"end":{"line":125,"column":43}},"type":"cond-expr","locations":[{"start":{"line":125,"column":27},"end":{"line":125,"column":34}},{"start":{"line":125,"column":37},"end":{"line":125,"column":43}}],"line":125}},"s":{"0":0,"1":0,"2":0,"3":0,"4":0,"5":0,"6":0,"7":0,"8":0,"9":0,"10":0,"11":0,"12":0,"13":0,"14":0,"15":0,"16":0,"17":0,"18":0,"19":0,"20":0,"21":0,"22":0,"23":0,"24":0,"25":0,"26":0,"27":0,"28":0,"29":0,"30":0,"31":0,"32":0,"33":0,"34":0,"35":0,"36":0},"f":{"0":0,"1":0,"2":0,"3":0,"4":0,"5":0,"6":0,"7":0,"8":0},"b":{"0":[0,0],"1":[0,0],"2":[0,0],"3":[0,0],"4":[0,0],"5":[0,0],"6":[0,0]}}
,"C:\\Users\\Bat\\Desktop\\murmure-project\\murmure\\Murmure-Front\\screens\\respirations\\RespirationCountdownScreen.js": {"path":"C:\\Users\\Bat\\Desktop\\murmure-project\\murmure\\Murmure-Front\\screens\\respirations\\RespirationCountdownScreen.js","statementMap":{"0":{"start":{"line":6,"column":2},"end":{"line":21,"column":4}},"1":{"start":{"line":13,"column":23},"end":{"line":13,"column":53}},"2":{"start":{"line":19,"column":29},"end":{"line":19,"column":48}},"3":{"start":{"line":24,"column":15},"end":{"line":41,"column":2}}},"fnMap":{"0":{"name":"RespirationCountdownScreen","decl":{"start":{"line":5,"column":24},"end":{"line":5,"column":50}},"loc":{"start":{"line":5,"column":67},"end":{"line":22,"column":1}},"line":5},"1":{"name":"(anonymous_1)","decl":{"start":{"line":13,"column":17},"end":{"line":13,"column":18}},"loc":{"start":{"line":13,"column":23},"end":{"line":13,"column":53}},"line":13},"2":{"name":"(anonymous_2)","decl":{"start":{"line":19,"column":23},"end":{"line":19,"column":24}},"loc":{"start":{"line":19,"column":29},"end":{"line":19,"column":48}},"line":19}},"branchMap":{},"s":{"0":0,"1":0,"2":0,"3":0},"f":{"0":0,"1":0,"2":0},"b":{}}
,"C:\\Users\\Bat\\Desktop\\murmure-project\\murmure\\Murmure-Front\\screens\\respirations\\RespirationHomeScreen.js": {"path":"C:\\Users\\Bat\\Desktop\\murmure-project\\murmure\\Murmure-Front\\screens\\respirations\\RespirationHomeScreen.js","statementMap":{"0":{"start":{"line":6,"column":2},"end":{"line":21,"column":4}},"1":{"start":{"line":13,"column":23},"end":{"line":13,"column":66}},"2":{"start":{"line":19,"column":29},"end":{"line":19,"column":48}},"3":{"start":{"line":24,"column":15},"end":{"line":41,"column":2}}},"fnMap":{"0":{"name":"RespirationHomeScreen","decl":{"start":{"line":5,"column":24},"end":{"line":5,"column":45}},"loc":{"start":{"line":5,"column":62},"end":{"line":22,"column":1}},"line":5},"1":{"name":"(anonymous_1)","decl":{"start":{"line":13,"column":17},"end":{"line":13,"column":18}},"loc":{"start":{"line":13,"column":23},"end":{"line":13,"column":66}},"line":13},"2":{"name":"(anonymous_2)","decl":{"start":{"line":19,"column":23},"end":{"line":19,"column":24}},"loc":{"start":{"line":19,"column":29},"end":{"line":19,"column":48}},"line":19}},"branchMap":{},"s":{"0":0,"1":0,"2":0,"3":0},"f":{"0":0,"1":0,"2":0},"b":{}}
,"C:\\Users\\Bat\\Desktop\\murmure-project\\murmure\\Murmure-Front\\screens\\shelves\\ShelvesScreen.js": {"path":"C:\\Users\\Bat\\Desktop\\murmure-project\\murmure\\Murmure-Front\\screens\\shelves\\ShelvesScreen.js","statementMap":{"0":{"start":{"line":17,"column":26},"end":{"line":17,"column":50}},"1":{"start":{"line":21,"column":22},"end":{"line":78,"column":1}},"2":{"start":{"line":23,"column":20},"end":{"line":23,"column":57}},"3":{"start":{"line":25,"column":2},"end":{"line":34,"column":18}},"4":{"start":{"line":27,"column":4},"end":{"line":33,"column":14}},"5":{"start":{"line":37,"column":20},"end":{"line":40,"column":4}},"6":{"start":{"line":43,"column":22},"end":{"line":46,"column":4}},"7":{"start":{"line":51,"column":22},"end":{"line":51,"column":40}},"8":{"start":{"line":54,"column":2},"end":{"line":77,"column":4}},"9":{"start":{"line":85,"column":2},"end":{"line":130,"column":4}},"10":{"start":{"line":94,"column":33},"end":{"line":94,"column":52}},"11":{"start":{"line":100,"column":36},"end":{"line":100,"column":91}},"12":{"start":{"line":100,"column":91},"end":{"line":100,"column":129}},"13":{"start":{"line":108,"column":36},"end":{"line":108,"column":92}},"14":{"start":{"line":108,"column":92},"end":{"line":108,"column":131}},"15":{"start":{"line":116,"column":36},"end":{"line":116,"column":86}},"16":{"start":{"line":116,"column":86},"end":{"line":116,"column":119}},"17":{"start":{"line":124,"column":36},"end":{"line":124,"column":87}},"18":{"start":{"line":124,"column":87},"end":{"line":124,"column":121}},"19":{"start":{"line":133,"column":15},"end":{"line":198,"column":2}}},"fnMap":{"0":{"name":"(anonymous_0)","decl":{"start":{"line":21,"column":22},"end":{"line":21,"column":23}},"loc":{"start":{"line":21,"column":53},"end":{"line":78,"column":1}},"line":21},"1":{"name":"(anonymous_1)","decl":{"start":{"line":25,"column":12},"end":{"line":25,"column":13}},"loc":{"start":{"line":25,"column":18},"end":{"line":34,"column":3}},"line":25},"2":{"name":"ShelvesScreen","decl":{"start":{"line":84,"column":24},"end":{"line":84,"column":37}},"loc":{"start":{"line":84,"column":54},"end":{"line":131,"column":1}},"line":84},"3":{"name":"(anonymous_3)","decl":{"start":{"line":94,"column":27},"end":{"line":94,"column":28}},"loc":{"start":{"line":94,"column":33},"end":{"line":94,"column":52}},"line":94},"4":{"name":"(anonymous_4)","decl":{"start":{"line":100,"column":29},"end":{"line":100,"column":30}},"loc":{"start":{"line":100,"column":35},"end":{"line":100,"column":130}},"line":100},"5":{"name":"(anonymous_5)","decl":{"start":{"line":108,"column":29},"end":{"line":108,"column":30}},"loc":{"start":{"line":108,"column":35},"end":{"line":108,"column":132}},"line":108},"6":{"name":"(anonymous_6)","decl":{"start":{"line":116,"column":29},"end":{"line":116,"column":30}},"loc":{"start":{"line":116,"column":35},"end":{"line":116,"column":120}},"line":116},"7":{"name":"(anonymous_7)","decl":{"start":{"line":124,"column":29},"end":{"line":124,"column":30}},"loc":{"start":{"line":124,"column":35},"end":{"line":124,"column":122}},"line":124}},"branchMap":{"0":{"loc":{"start":{"line":51,"column":22},"end":{"line":51,"column":40}},"type":"binary-expr","locations":[{"start":{"line":51,"column":22},"end":{"line":51,"column":27}},{"start":{"line":51,"column":31},"end":{"line":51,"column":40}}],"line":51}},"s":{"0":0,"1":0,"2":0,"3":0,"4":0,"5":0,"6":0,"7":0,"8":0,"9":0,"10":0,"11":0,"12":0,"13":0,"14":0,"15":0,"16":0,"17":0,"18":0,"19":0},"f":{"0":0,"1":0,"2":0,"3":0,"4":0,"5":0,"6":0,"7":0},"b":{"0":[0,0]}}
}
