TN:
SF:App.js
FN:13,App
FN:16,(anonymous_1)
FN:18,prepare
FN:46,(anonymous_3)
FNF:4
FNH:3
FNDA:12,App
FNDA:6,(anonymous_1)
FNDA:6,prepare
FNDA:0,(anonymous_3)
DA:11,1
DA:14,12
DA:16,12
DA:17,6
DA:19,6
DA:20,6
DA:22,6
DA:31,5
DA:34,1
DA:37,6
DA:38,6
DA:42,6
DA:46,12
DA:47,0
DA:48,0
DA:49,0
DA:53,12
DA:54,6
DA:57,6
DA:68,1
LF:20
LH:17
BRDA:47,0,0,0
BRDA:47,0,1,0
BRDA:53,1,0,6
BRDA:53,1,1,6
BRF:4
BRH:2
end_of_record
TN:
SF:index.js
FNF:0
FNH:0
DA:8,0
LF:1
LH:0
BRF:0
BRH:0
end_of_record
TN:
SF:components\Button.js
FN:4,Button
FNF:1
FNH:0
FNDA:0,Button
DA:5,0
DA:22,0
LF:2
LH:0
BRDA:4,0,0,0
BRDA:8,1,0,0
BRDA:8,1,1,0
BRDA:11,2,0,0
BRDA:11,2,1,0
BRDA:13,3,0,0
BRDA:13,3,1,0
BRF:7
BRH:0
end_of_record
TN:
SF:components\DurationSelector.js
FN:7,DurationSelector
FN:18,(anonymous_1)
FN:55,(anonymous_2)
FN:83,(anonymous_3)
FNF:4
FNH:0
FNDA:0,DurationSelector
FNDA:0,(anonymous_1)
FNDA:0,(anonymous_2)
FNDA:0,(anonymous_3)
DA:13,0
DA:16,0
DA:18,0
DA:19,0
DA:21,0
DA:29,0
DA:30,0
DA:38,0
DA:39,0
DA:48,0
DA:55,0
DA:56,0
DA:58,0
DA:59,0
DA:62,0
DA:65,0
DA:84,0
DA:94,0
LF:18
LH:0
BRDA:8,0,0,0
BRDA:19,1,0,0
BRDA:19,1,1,0
BRDA:29,2,0,0
BRDA:29,2,1,0
BRDA:38,3,0,0
BRDA:38,3,1,0
BRDA:58,4,0,0
BRDA:58,4,1,0
BRDA:81,5,0,0
BRDA:81,5,1,0
BRF:11
BRH:0
end_of_record
TN:
SF:components\InfoBulleHome.js
FN:4,(anonymous_0)
FN:10,(anonymous_1)
FN:21,(anonymous_2)
FN:25,(anonymous_3)
FN:31,(anonymous_4)
FN:42,(anonymous_5)
FN:56,(anonymous_6)
FNF:7
FNH:0
FNDA:0,(anonymous_0)
FNDA:0,(anonymous_1)
FNDA:0,(anonymous_2)
FNDA:0,(anonymous_3)
FNDA:0,(anonymous_4)
FNDA:0,(anonymous_5)
FNDA:0,(anonymous_6)
DA:4,0
DA:5,0
DA:8,0
DA:10,0
DA:11,0
DA:13,0
DA:14,0
DA:17,0
DA:21,0
DA:24,0
DA:25,0
DA:26,0
DA:27,0
DA:31,0
DA:32,0
DA:33,0
DA:36,0
DA:42,0
DA:47,0
DA:48,0
DA:49,0
DA:52,0
DA:57,0
DA:58,0
DA:69,0
LF:25
LH:0
BRDA:13,0,0,0
BRDA:13,0,1,0
BRDA:47,1,0,0
BRDA:47,1,1,0
BRF:4
BRH:0
end_of_record
TN:
SF:components\Label.js
FN:3,Label
FNF:1
FNH:0
FNDA:0,Label
DA:4,0
DA:11,0
LF:2
LH:0
BRF:0
BRH:0
end_of_record
TN:
SF:navigation\AppNavigator.js
FN:40,AppNavigator
FNF:1
FNH:0
FNDA:0,AppNavigator
DA:34,0
DA:41,0
LF:2
LH:0
BRF:0
BRH:0
end_of_record
TN:
SF:screens\chat\ChatScreen.js
FN:6,ChatScreen
FN:13,(anonymous_1)
FNF:2
FNH:0
FNDA:0,ChatScreen
FNDA:0,(anonymous_1)
DA:7,0
DA:13,0
DA:18,0
LF:3
LH:0
BRF:0
BRH:0
end_of_record
TN:
SF:screens\compte\compteScreen.js
FN:5,CompteScreen
FN:10,(anonymous_1)
FNF:2
FNH:0
FNDA:0,CompteScreen
FNDA:0,(anonymous_1)
DA:6,0
DA:10,0
DA:16,0
LF:3
LH:0
BRF:0
BRH:0
end_of_record
TN:
SF:screens\home\HomeScreen.js
FN:29,(anonymous_0)
FN:33,(anonymous_1)
FN:91,HomeScreen
FN:100,(anonymous_3)
FN:105,(anonymous_4)
FN:133,(anonymous_5)
FN:139,(anonymous_6)
FN:173,(anonymous_7)
FN:197,(anonymous_8)
FN:210,(anonymous_9)
FN:222,(anonymous_10)
FN:232,(anonymous_11)
FNF:12
FNH:0
FNDA:0,(anonymous_0)
FNDA:0,(anonymous_1)
FNDA:0,HomeScreen
FNDA:0,(anonymous_3)
FNDA:0,(anonymous_4)
FNDA:0,(anonymous_5)
FNDA:0,(anonymous_6)
FNDA:0,(anonymous_7)
FNDA:0,(anonymous_8)
FNDA:0,(anonymous_9)
FNDA:0,(anonymous_10)
FNDA:0,(anonymous_11)
DA:22,0
DA:29,0
DA:31,0
DA:33,0
DA:35,0
DA:45,0
DA:51,0
DA:59,0
DA:62,0
DA:94,0
DA:97,0
DA:100,0
DA:101,0
DA:102,0
DA:105,0
DA:106,0
DA:108,0
DA:109,0
DA:111,0
DA:112,0
DA:114,0
DA:116,0
DA:119,0
DA:120,0
DA:121,0
DA:123,0
DA:124,0
DA:125,0
DA:129,0
DA:133,0
DA:134,0
DA:135,0
DA:139,0
DA:140,0
DA:141,0
DA:142,0
DA:143,0
DA:145,0
DA:151,0
DA:174,0
DA:175,0
DA:197,0
DA:211,0
DA:212,0
DA:223,0
DA:224,0
DA:233,0
DA:234,0
DA:246,0
LF:49
LH:0
BRDA:59,0,0,0
BRDA:59,0,1,0
BRDA:111,1,0,0
BRDA:111,1,1,0
BRDA:119,2,0,0
BRDA:119,2,1,0
BRDA:123,3,0,0
BRDA:123,3,1,0
BRF:8
BRH:0
end_of_record
TN:
SF:screens\home\WelcomeScreen.js
FN:4,WelcomeScreen
FN:6,(anonymous_1)
FN:10,(anonymous_2)
FN:15,(anonymous_3)
FNF:4
FNH:4
FNDA:11,WelcomeScreen
FNDA:11,(anonymous_1)
FNDA:4,(anonymous_2)
FNDA:11,(anonymous_3)
DA:6,11
DA:8,11
DA:10,11
DA:11,4
DA:12,4
DA:15,11
DA:18,11
DA:31,1
LF:8
LH:8
BRF:0
BRH:0
end_of_record
TN:
SF:screens\lessons\FlashcardScreen.js
FN:7,FlashcardScreen
FN:14,(anonymous_1)
FN:17,(anonymous_2)
FNF:3
FNH:0
FNDA:0,FlashcardScreen
FNDA:0,(anonymous_1)
FNDA:0,(anonymous_2)
DA:8,0
DA:14,0
DA:17,0
DA:23,0
LF:4
LH:0
BRF:0
BRH:0
end_of_record
TN:
SF:screens\lessons\LessonScreen.js
FN:12,LessonScreen
FN:19,(anonymous_1)
FN:20,(anonymous_2)
FNF:3
FNH:0
FNDA:0,LessonScreen
FNDA:0,(anonymous_1)
FNDA:0,(anonymous_2)
DA:7,0
DA:9,0
DA:13,0
DA:19,0
DA:20,0
DA:25,0
LF:6
LH:0
BRF:0
BRH:0
end_of_record
TN:
SF:screens\lessons\QuizzScreen.js
FN:13,QuizzScreen
FN:18,(anonymous_1)
FN:26,(anonymous_2)
FN:27,(anonymous_3)
FNF:4
FNH:0
FNDA:0,QuizzScreen
FNDA:0,(anonymous_1)
FNDA:0,(anonymous_2)
FNDA:0,(anonymous_3)
DA:7,0
DA:8,0
DA:14,0
DA:19,0
DA:26,0
DA:27,0
DA:32,0
LF:7
LH:0
BRF:0
BRH:0
end_of_record
TN:
SF:screens\map\MapScreen.js
FN:12,MapScreen
FN:28,(anonymous_1)
FN:31,(anonymous_2)
FNF:3
FNH:0
FNDA:0,MapScreen
FNDA:0,(anonymous_1)
FNDA:0,(anonymous_2)
DA:13,0
DA:28,0
DA:31,0
DA:37,0
LF:4
LH:0
BRF:0
BRH:0
end_of_record
TN:
SF:screens\meditations\MeditationHomeScreen.js
FN:14,MeditationHomeScreen
FN:28,(anonymous_1)
FN:49,(anonymous_2)
FN:62,(anonymous_3)
FN:65,(anonymous_4)
FN:83,(anonymous_5)
FN:93,(anonymous_6)
FN:103,(anonymous_7)
FN:118,(anonymous_8)
FNF:9
FNH:0
FNDA:0,MeditationHomeScreen
FNDA:0,(anonymous_1)
FNDA:0,(anonymous_2)
FNDA:0,(anonymous_3)
FNDA:0,(anonymous_4)
FNDA:0,(anonymous_5)
FNDA:0,(anonymous_6)
FNDA:0,(anonymous_7)
FNDA:0,(anonymous_8)
DA:16,0
DA:17,0
DA:18,0
DA:19,0
DA:21,0
DA:28,0
DA:29,0
DA:36,0
DA:49,0
DA:63,0
DA:65,0
DA:83,0
DA:93,0
DA:103,0
DA:118,0
DA:128,0
LF:16
LH:0
BRDA:68,0,0,0
BRDA:68,0,1,0
BRDA:81,1,0,0
BRDA:81,1,1,0
BRDA:91,2,0,0
BRDA:91,2,1,0
BRF:6
BRH:0
end_of_record
TN:
SF:screens\meditations\MeditationPlayerScreen.js
FN:19,MeditationPlayer
FN:35,(anonymous_1)
FN:41,(anonymous_2)
FN:42,(anonymous_3)
FN:61,(anonymous_4)
FN:73,(anonymous_5)
FN:74,(anonymous_6)
FN:84,(anonymous_7)
FN:97,(anonymous_8)
FNF:9
FNH:0
FNDA:0,MeditationPlayer
FNDA:0,(anonymous_1)
FNDA:0,(anonymous_2)
FNDA:0,(anonymous_3)
FNDA:0,(anonymous_4)
FNDA:0,(anonymous_5)
FNDA:0,(anonymous_6)
FNDA:0,(anonymous_7)
FNDA:0,(anonymous_8)
DA:21,0
DA:24,0
DA:25,0
DA:26,0
DA:27,0
DA:35,0
DA:36,0
DA:41,0
DA:45,0
DA:48,0
DA:58,0
DA:62,0
DA:66,0
DA:67,0
DA:68,0
DA:73,0
DA:74,0
DA:75,0
DA:76,0
DA:77,0
DA:78,0
DA:84,0
DA:85,0
DA:87,0
DA:88,0
DA:89,0
DA:91,0
DA:92,0
DA:97,0
DA:99,0
DA:100,0
DA:101,0
DA:104,0
DA:107,0
DA:143,0
LF:35
LH:0
BRDA:45,0,0,0
BRDA:45,0,1,0
BRDA:75,1,0,0
BRDA:75,1,1,0
BRDA:85,2,0,0
BRDA:85,2,1,0
BRDA:87,3,0,0
BRDA:87,3,1,0
BRDA:99,4,0,0
BRDA:99,4,1,0
BRDA:114,5,0,0
BRDA:114,5,1,0
BRDA:125,6,0,0
BRDA:125,6,1,0
BRF:14
BRH:0
end_of_record
TN:
SF:screens\respirations\RespirationCountdownScreen.js
FN:5,RespirationCountdownScreen
FN:13,(anonymous_1)
FN:19,(anonymous_2)
FNF:3
FNH:0
FNDA:0,RespirationCountdownScreen
FNDA:0,(anonymous_1)
FNDA:0,(anonymous_2)
DA:6,0
DA:13,0
DA:19,0
DA:24,0
LF:4
LH:0
BRF:0
BRH:0
end_of_record
TN:
SF:screens\respirations\RespirationHomeScreen.js
FN:5,RespirationHomeScreen
FN:13,(anonymous_1)
FN:19,(anonymous_2)
FNF:3
FNH:0
FNDA:0,RespirationHomeScreen
FNDA:0,(anonymous_1)
FNDA:0,(anonymous_2)
DA:6,0
DA:13,0
DA:19,0
DA:24,0
LF:4
LH:0
BRF:0
BRH:0
end_of_record
TN:
SF:screens\shelves\ShelvesScreen.js
FN:21,(anonymous_0)
FN:25,(anonymous_1)
FN:84,ShelvesScreen
FN:94,(anonymous_3)
FN:100,(anonymous_4)
FN:108,(anonymous_5)
FN:116,(anonymous_6)
FN:124,(anonymous_7)
FNF:8
FNH:0
FNDA:0,(anonymous_0)
FNDA:0,(anonymous_1)
FNDA:0,ShelvesScreen
FNDA:0,(anonymous_3)
FNDA:0,(anonymous_4)
FNDA:0,(anonymous_5)
FNDA:0,(anonymous_6)
FNDA:0,(anonymous_7)
DA:17,0
DA:21,0
DA:23,0
DA:25,0
DA:27,0
DA:37,0
DA:43,0
DA:51,0
DA:54,0
DA:85,0
DA:94,0
DA:100,0
DA:108,0
DA:116,0
DA:124,0
DA:133,0
LF:16
LH:0
BRDA:51,0,0,0
BRDA:51,0,1,0
BRF:2
BRH:0
end_of_record
